<?xml version="1.0" encoding="UTF-8"?>
<!-- Generated by org.testng.reporters.JUnitReportReporter -->
<testsuite skipped="0" hostname="LAPTOP-2GTNI7TB" name="com.crm.qa.testcases.HomePageTest" tests="3" failures="0" timestamp="23 Aug 2020 15:20:27 GMT" time="63.273" errors="0">
  <testcase name="validateHomePageTitleTest" time="24.031" classname="com.crm.qa.testcases.HomePageTest"/>
  <testcase name="validateCorrectUsernameTest" time="22.950" classname="com.crm.qa.testcases.HomePageTest"/>
  <testcase name="clickOnContactsButton" time="16.292" classname="com.crm.qa.testcases.HomePageTest"/>
</testsuite> <!-- com.crm.qa.testcases.HomePageTest -->
