<?xml version="1.0" encoding="UTF-8"?>
<!-- Generated by org.testng.reporters.JUnitReportReporter -->
<testsuite skipped="0" hostname="LAPTOP-2GTNI7TB" name="com.crm.qa.testcases.LoginPageTest" tests="2" failures="0" timestamp="23 Aug 2020 15:20:27 GMT" time="33.767" errors="0">
  <testcase name="validateTitleTest" time="17.374" classname="com.crm.qa.testcases.LoginPageTest"/>
  <testcase name="loginTest" time="16.393" classname="com.crm.qa.testcases.LoginPageTest"/>
</testsuite> <!-- com.crm.qa.testcases.LoginPageTest -->
