<?xml version="1.0" encoding="UTF-8"?>
<!-- Generated by org.testng.reporters.JUnitReportReporter -->
<testsuite skipped="1" hostname="LAPTOP-2GTNI7TB" name="com.crm.qa.testcases.ContactsPageTest" tests="1" failures="0" timestamp="26 Sep 2020 06:04:39 GMT" time="0.000" errors="0">
  <testcase name="createNewContact" time="0.000" classname="com.crm.qa.testcases.ContactsPageTest">
    <skipped/>
  </testcase> <!-- createNewContact -->
</testsuite> <!-- com.crm.qa.testcases.ContactsPageTest -->
